<?xml version="1.0" encoding="UTF-8" standalone="no"?>
<testsuite failures="1" name="cucumber.runtime.formatter.JUnitFormatter" skipped="0" tests="1" time="20.24386">
<testcase classname="To Validate facebook Login Functionalies" name="_2" time="20.24386">
<failure message="java.lang.IndexOutOfBoundsException: Index: 5, Size: 2&#13;&#10;&#9;at java.util.ArrayList.rangeCheck(ArrayList.java:659)&#13;&#10;&#9;at java.util.ArrayList.get(ArrayList.java:435)&#13;&#10;&#9;at java.util.Collections$UnmodifiableList.get(Collections.java:1311)&#13;&#10;&#9;at org.demo.Facebook.to_login_userName_and_password(Facebook.java:66)&#13;&#10;&#9;at ✽.To login userName and password(file:src/test/resources/Featuresfile/login.feature:41)&#13;&#10;"><![CDATA[Given check login through chrome browser....................................passed
Given check login through chrome browser....................................passed
When To login userName and password.........................................failed
Then click login............................................................skipped

StackTrace:
java.lang.IndexOutOfBoundsException: Index: 5, Size: 2
	at java.util.ArrayList.rangeCheck(ArrayList.java:659)
	at java.util.ArrayList.get(ArrayList.java:435)
	at java.util.Collections$UnmodifiableList.get(Collections.java:1311)
	at org.demo.Facebook.to_login_userName_and_password(Facebook.java:66)
	at ✽.To login userName and password(file:src/test/resources/Featuresfile/login.feature:41)
]]></failure>
</testcase>
</testsuite>
