<?xml version="1.0" encoding="UTF-8"?>
<!-- Generated by org.testng.reporters.JUnitXMLReporter -->
<testsuite hostname="LAPTOP-6O2M9K7D" ignored="2" name="Test" tests="6" failures="1" timestamp="13 May 2022 14:26:12 GMT" time="95.188" errors="0">
  <testcase name="tc3" time="20.052" classname="org.ddemo.FlipKart"/>
  <testcase name="tc4" time="11.777" classname="org.ddemo.FlipKart"/>
  <testcase name="tc4" time="9.224" classname="org.ddemo.FlipKart">
    <skipped/>
  </testcase> <!-- tc4 -->
  <testcase name="tc4" time="9.587" classname="org.ddemo.FlipKart">
    <skipped/>
  </testcase> <!-- tc4 -->
  <testcase name="tc4" time="13.157" classname="org.ddemo.FlipKart">
    <skipped/>
  </testcase> <!-- tc4 -->
  <testcase name="tc4" time="31.137" classname="org.ddemo.FlipKart">
    <failure type="java.lang.AssertionError" message="expected [interview] but found [violet]">
      <![CDATA[java.lang.AssertionError: expected [interview] but found [violet]
at org.ddemo.FlipKart.tc4(FlipKart.java:104)
at java.util.concurrent.FutureTask.run(FutureTask.java:266)
at java.util.concurrent.ThreadPoolExecutor.runWorker(ThreadPoolExecutor.java:1149)
at java.util.concurrent.ThreadPoolExecutor$Worker.run(ThreadPoolExecutor.java:624)
at java.lang.Thread.run(Thread.java:750)
... Removed 22 stack frames]]>
    </failure>
  </testcase> <!-- tc4 -->
  <testcase name="tc11" time="0.0" classname="org.ddemo.FlipKart">
    <ignored/>
  </testcase> <!-- tc11 -->
  <testcase name="tc2" time="0.0" classname="org.ddemo.FlipKart">
    <ignored/>
  </testcase> <!-- tc2 -->
</testsuite> <!-- Test -->
