<?xml version="1.0" encoding="UTF-8"?>
<!-- Generated by org.testng.reporters.JUnitXMLReporter -->
<testsuite hostname="LAPTOP-6O2M9K7D" ignored="3" name="Test1" tests="2" failures="1" timestamp="12 May 2022 11:50:34 GMT" time="39.362" errors="0">
  <testcase name="tc4" time="29.052" classname="org.ddemo.FlipKart"/>
  <testcase name="tc4" time="10.171" classname="org.ddemo.FlipKart">
    <failure type="java.lang.AssertionError" message="expected [interview] but found [violet]">
      <![CDATA[java.lang.AssertionError: expected [interview] but found [violet]
at org.ddemo.FlipKart.tc4(FlipKart.java:104)
at java.util.concurrent.FutureTask.run(FutureTask.java:266)
at java.util.concurrent.ThreadPoolExecutor.runWorker(ThreadPoolExecutor.java:1149)
at java.util.concurrent.ThreadPoolExecutor$Worker.run(ThreadPoolExecutor.java:624)
at java.lang.Thread.run(Thread.java:750)
... Removed 22 stack frames]]>
    </failure>
  </testcase> <!-- tc4 -->
  <testcase name="tc11" time="0.0" classname="org.ddemo.FlipKart">
    <ignored/>
  </testcase> <!-- tc11 -->
  <testcase name="tc2" time="0.0" classname="org.ddemo.FlipKart">
    <ignored/>
  </testcase> <!-- tc2 -->
  <testcase name="tc3" time="0.0" classname="org.ddemo.FlipKart">
    <ignored/>
  </testcase> <!-- tc3 -->
</testsuite> <!-- Test1 -->
